#
# There is insufficient memory for the Java Runtime Environment to continue.
# Native memory allocation (malloc) failed to allocate 1487920 bytes. Error detail: Chunk::new
# Possible reasons:
#   The system is out of physical RAM or swap space
#   This process is running with CompressedOops enabled, and the Java Heap may be blocking the growth of the native heap
# Possible solutions:
#   Reduce memory load on the system
#   Increase physical memory or swap space
#   Check if swap backing store is full
#   Decrease Java heap size (-Xmx/-Xms)
#   Decrease number of Java threads
#   Decrease Java thread stack sizes (-Xss)
#   Set larger code cache with -XX:ReservedCodeCacheSize=
#   JVM is running with Unscaled Compressed Oops mode in which the Java heap is
#     placed in the first 4GB address space. The Java Heap base address is the
#     maximum limit for the native heap growth. Please use -XX:HeapBaseMinAddress
#     to set the Java Heap base and to place the Java Heap above 4GB virtual address.
# This output file may be truncated or incomplete.
#
#  Out of Memory Error (arena.cpp:191), pid=19208, tid=21376
#
# JRE version: OpenJDK Runtime Environment Temurin-17.0.12+7 (17.0.12+7) (build 17.0.12+7)
# Java VM: OpenJDK 64-Bit Server VM Temurin-17.0.12+7 (17.0.12+7, mixed mode, tiered, compressed oops, compressed class ptrs, parallel gc, windows-amd64)
# No core dump will be written. Minidumps are not enabled by default on client versions of Windows
#

---------------  S U M M A R Y ------------

Command Line: --add-modules=ALL-SYSTEM --add-opens=java.base/java.util=ALL-UNNAMED --add-opens=java.base/java.lang=ALL-UNNAMED --add-opens=java.base/sun.nio.fs=ALL-UNNAMED -Declipse.application=org.eclipse.jdt.ls.core.id1 -Dosgi.bundles.defaultStartLevel=4 -Declipse.product=org.eclipse.jdt.ls.core.product -Djava.import.generatesMetadataFilesAtProjectRoot=false -DDetectVMInstallationsJob.disabled=true -Dfile.encoding=utf8 -XX:+UseParallelGC -XX:GCTimeRatio=4 -XX:AdaptiveSizePolicyWeight=90 -Dsun.zip.disableMemoryMapping=true -Xmx1G -Xms100m -Xlog:disable -javaagent:c:\Users\samue\.vscode\extensions\redhat.java-1.34.0-win32-x64\lombok\lombok-1.18.33.jar c:\Users\samue\.vscode\extensions\redhat.java-1.34.0-win32-x64\server\plugins\org.eclipse.equinox.launcher_1.6.900.v20240613-2009.jar -configuration c:\Users\samue\AppData\Roaming\Code\User\globalStorage\redhat.java\1.34.0\config_ss_win -data c:\Users\samue\AppData\Roaming\Code\User\workspaceStorage\6fbd3135cf8ae7d3c7752abeff9e4600\redhat.java\ss_ws --pipe=\\.\pipe\lsp-b9e9757b9f7c6658376fe7664cfcb7b2-sock

Host: AMD Ryzen 5 1600 Six-Core Processor            , 12 cores, 15G,  Windows 10 , 64 bit Build 19041 (10.0.19041.4597)
Time: Sat Sep  7 21:20:35 2024 Hora oficial do Brasil elapsed time: 6.370044 seconds (0d 0h 0m 6s)

---------------  T H R E A D  ---------------

Current thread (0x0000015c05343290):  JavaThread "C2 CompilerThread1" daemon [_thread_in_native, id=21376, stack(0x0000004857f00000,0x0000004858000000)]


Current CompileTask:
C2:   6370 2911       4       jdk.internal.org.objectweb.asm.Frame::execute (2318 bytes)

Stack: [0x0000004857f00000,0x0000004858000000]
Native frames: (J=compiled Java code, j=interpreted, Vv=VM code, C=native code)
V  [jvm.dll+0x67f929]
V  [jvm.dll+0x8371ba]
V  [jvm.dll+0x838c7e]
V  [jvm.dll+0x8392e3]
V  [jvm.dll+0x24834f]
V  [jvm.dll+0xac9d4]
V  [jvm.dll+0xad01c]
V  [jvm.dll+0x3674a7]
V  [jvm.dll+0x33197a]
V  [jvm.dll+0x330e1a]
V  [jvm.dll+0x21a8b1]
V  [jvm.dll+0x219cf1]
V  [jvm.dll+0x1a58bd]
V  [jvm.dll+0x229a2d]
V  [jvm.dll+0x227bdc]
V  [jvm.dll+0x7ec1f7]
V  [jvm.dll+0x7e65dc]
V  [jvm.dll+0x67e7f7]
C  [ucrtbase.dll+0x21bb2]
C  [KERNEL32.DLL+0x17374]
C  [ntdll.dll+0x4cc91]


---------------  P R O C E S S  ---------------

Threads class SMR info:
_java_thread_list=0x0000015c070b0060, length=38, elements={
0x0000015c696331d0, 0x0000015c7d4c9960, 0x0000015c696e8470, 0x0000015c7e7758a0,
0x0000015c7e78bff0, 0x0000015c7e792fe0, 0x0000015c7e794c20, 0x0000015c7e797a20,
0x0000015c696eba50, 0x0000015c696ed380, 0x0000015c696971d0, 0x0000015c7eae4e40,
0x0000015c04a2ffb0, 0x0000015c04981450, 0x0000015c04852af0, 0x0000015c04834520,
0x0000015c04899a90, 0x0000015c04b7ce90, 0x0000015c04b7d8b0, 0x0000015c04b7f200,
0x0000015c04b7f710, 0x0000015c05343290, 0x0000015c04b7d3a0, 0x0000015c04b80130,
0x0000015c04b80640, 0x0000015c04b7ddc0, 0x0000015c04b7e2d0, 0x0000015c04b7e7e0,
0x0000015c04b7ecf0, 0x0000015c04ec3a20, 0x0000015c04ebf340, 0x0000015c04ec11a0,
0x0000015c04ebe410, 0x0000015c04ebc5b0, 0x0000015c04ec16b0, 0x0000015c04ec3510,
0x0000015c04ebd9f0, 0x0000015c04ebe920
}

Java Threads: ( => current thread )
  0x0000015c696331d0 JavaThread "main" [_thread_in_vm, id=3744, stack(0x0000004855e00000,0x0000004855f00000)]
  0x0000015c7d4c9960 JavaThread "Reference Handler" daemon [_thread_blocked, id=16852, stack(0x0000004856100000,0x0000004856200000)]
  0x0000015c696e8470 JavaThread "Finalizer" daemon [_thread_blocked, id=4736, stack(0x0000004856200000,0x0000004856300000)]
  0x0000015c7e7758a0 JavaThread "Signal Dispatcher" daemon [_thread_blocked, id=8272, stack(0x0000004856300000,0x0000004856400000)]
  0x0000015c7e78bff0 JavaThread "Attach Listener" daemon [_thread_blocked, id=7404, stack(0x0000004856400000,0x0000004856500000)]
  0x0000015c7e792fe0 JavaThread "Service Thread" daemon [_thread_blocked, id=4668, stack(0x0000004856500000,0x0000004856600000)]
  0x0000015c7e794c20 JavaThread "Monitor Deflation Thread" daemon [_thread_blocked, id=6712, stack(0x0000004856600000,0x0000004856700000)]
  0x0000015c7e797a20 JavaThread "C2 CompilerThread0" daemon [_thread_blocked, id=22112, stack(0x0000004856700000,0x0000004856800000)]
  0x0000015c696eba50 JavaThread "C1 CompilerThread0" daemon [_thread_in_native, id=4868, stack(0x0000004856800000,0x0000004856900000)]
  0x0000015c696ed380 JavaThread "Sweeper thread" daemon [_thread_blocked, id=4360, stack(0x0000004856900000,0x0000004856a00000)]
  0x0000015c696971d0 JavaThread "Common-Cleaner" daemon [_thread_blocked, id=2112, stack(0x0000004856a00000,0x0000004856b00000)]
  0x0000015c7eae4e40 JavaThread "Notification Thread" daemon [_thread_blocked, id=19040, stack(0x0000004856b00000,0x0000004856c00000)]
  0x0000015c04a2ffb0 JavaThread "Active Thread: Equinox Container: cc838107-c688-4b01-8baf-7f551418678f" [_thread_blocked, id=1456, stack(0x0000004857400000,0x0000004857500000)]
  0x0000015c04981450 JavaThread "Framework Event Dispatcher: Equinox Container: cc838107-c688-4b01-8baf-7f551418678f" daemon [_thread_blocked, id=22936, stack(0x0000004857500000,0x0000004857600000)]
  0x0000015c04852af0 JavaThread "Start Level: Equinox Container: cc838107-c688-4b01-8baf-7f551418678f" daemon [_thread_blocked, id=18280, stack(0x0000004857600000,0x0000004857700000)]
  0x0000015c04834520 JavaThread "SCR Component Actor" daemon [_thread_blocked, id=1620, stack(0x0000004857700000,0x0000004857800000)]
  0x0000015c04899a90 JavaThread "SCR Component Registry" daemon [_thread_blocked, id=23100, stack(0x0000004857900000,0x0000004857a00000)]
  0x0000015c04b7ce90 JavaThread "Worker-JM" [_thread_blocked, id=10976, stack(0x0000004856d00000,0x0000004856e00000)]
  0x0000015c04b7d8b0 JavaThread "JNA Cleaner" daemon [_thread_blocked, id=23888, stack(0x0000004857c00000,0x0000004857d00000)]
  0x0000015c04b7f200 JavaThread "Worker-0" [_thread_blocked, id=10740, stack(0x0000004857d00000,0x0000004857e00000)]
  0x0000015c04b7f710 JavaThread "Worker-1" [_thread_blocked, id=17032, stack(0x0000004857e00000,0x0000004857f00000)]
=>0x0000015c05343290 JavaThread "C2 CompilerThread1" daemon [_thread_in_native, id=21376, stack(0x0000004857f00000,0x0000004858000000)]
  0x0000015c04b7d3a0 JavaThread "Thread-2" daemon [_thread_in_native, id=16832, stack(0x0000004858200000,0x0000004858300000)]
  0x0000015c04b80130 JavaThread "Thread-3" daemon [_thread_in_native, id=15000, stack(0x0000004858300000,0x0000004858400000)]
  0x0000015c04b80640 JavaThread "Thread-4" daemon [_thread_in_native, id=12796, stack(0x0000004858400000,0x0000004858500000)]
  0x0000015c04b7ddc0 JavaThread "Thread-5" daemon [_thread_in_native, id=19004, stack(0x0000004858500000,0x0000004858600000)]
  0x0000015c04b7e2d0 JavaThread "Thread-6" daemon [_thread_in_native, id=10024, stack(0x0000004858600000,0x0000004858700000)]
  0x0000015c04b7e7e0 JavaThread "Thread-7" daemon [_thread_in_native, id=22984, stack(0x0000004858700000,0x0000004858800000)]
  0x0000015c04b7ecf0 JavaThread "Thread-8" daemon [_thread_in_native, id=12644, stack(0x0000004858800000,0x0000004858900000)]
  0x0000015c04ec3a20 JavaThread "Thread-9" daemon [_thread_in_native, id=12712, stack(0x0000004858900000,0x0000004858a00000)]
  0x0000015c04ebf340 JavaThread "Thread-10" daemon [_thread_in_native, id=11704, stack(0x0000004858a00000,0x0000004858b00000)]
  0x0000015c04ec11a0 JavaThread "Thread-11" daemon [_thread_in_native, id=12024, stack(0x0000004858b00000,0x0000004858c00000)]
  0x0000015c04ebe410 JavaThread "Thread-12" daemon [_thread_in_native, id=14864, stack(0x0000004858c00000,0x0000004858d00000)]
  0x0000015c04ebc5b0 JavaThread "Thread-13" daemon [_thread_in_native, id=17192, stack(0x0000004858d00000,0x0000004858e00000)]
  0x0000015c04ec16b0 JavaThread "Thread-14" daemon [_thread_in_native, id=19300, stack(0x0000004858e00000,0x0000004858f00000)]
  0x0000015c04ec3510 JavaThread "pool-2-thread-1" [_thread_blocked, id=11872, stack(0x0000004858f00000,0x0000004859000000)]
  0x0000015c04ebd9f0 JavaThread "WorkspaceEventsHandler" [_thread_in_vm, id=2416, stack(0x0000004859000000,0x0000004859100000)]
  0x0000015c04ebe920 JavaThread "pool-1-thread-1" [_thread_in_vm, id=22056, stack(0x0000004859100000,0x0000004859200000)]

Other Threads:
  0x0000015c696b8a20 VMThread "VM Thread" [stack: 0x0000004856000000,0x0000004856100000] [id=13196]
  0x0000015c7eae5320 WatcherThread [stack: 0x0000004856c00000,0x0000004856d00000] [id=1376]
  0x0000015c6964a7b0 GCTaskThread "GC Thread#0" [stack: 0x0000004855f00000,0x0000004856000000] [id=8268]
  0x0000015c047a1d90 GCTaskThread "GC Thread#1" [stack: 0x0000004856e00000,0x0000004856f00000] [id=10588]
  0x0000015c047a2860 GCTaskThread "GC Thread#2" [stack: 0x0000004856f00000,0x0000004857000000] [id=3480]
  0x0000015c047a2b20 GCTaskThread "GC Thread#3" [stack: 0x0000004857000000,0x0000004857100000] [id=13084]
  0x0000015c047a2de0 GCTaskThread "GC Thread#4" [stack: 0x0000004857100000,0x0000004857200000] [id=15888]
  0x0000015c047a30a0 GCTaskThread "GC Thread#5" [stack: 0x0000004857200000,0x0000004857300000] [id=21808]
  0x0000015c046c9120 GCTaskThread "GC Thread#6" [stack: 0x0000004857300000,0x0000004857400000] [id=23980]
  0x0000015c048533d0 GCTaskThread "GC Thread#7" [stack: 0x0000004857800000,0x0000004857900000] [id=15624]
  0x0000015c04b6e330 GCTaskThread "GC Thread#8" [stack: 0x0000004857a00000,0x0000004857b00000] [id=5832]
  0x0000015c04b6e5f0 GCTaskThread "GC Thread#9" [stack: 0x0000004857b00000,0x0000004857c00000] [id=18104]

Threads with active compile tasks:
C1 CompilerThread0     6412 3059       3       java.lang.reflect.Array::newInstance (6 bytes)
C2 CompilerThread1     6412 2911       4       jdk.internal.org.objectweb.asm.Frame::execute (2318 bytes)

VM state: not at safepoint (normal execution)

VM Mutex/Monitor currently owned by a thread: None

Heap address: 0x00000000c0000000, size: 1024 MB, Compressed Oops mode: 32-bit

CDS archive(s) not mapped
Compressed class space mapped at: 0x0000000100000000-0x0000000140000000, reserved size: 1073741824
Narrow klass base: 0x0000000000000000, Narrow klass shift: 3, Narrow klass range: 0x140000000

GC Precious Log:
 CPUs: 12 total, 12 available
 Memory: 16307M
 Large Page Support: Disabled
 NUMA Support: Disabled
 Compressed Oops: Enabled (32-bit)
 Alignments: Space 512K, Generation 512K, Heap 2M
 Heap Min Capacity: 100M
 Heap Initial Capacity: 100M
 Heap Max Capacity: 1G
 Pre-touch: Disabled
 Parallel Workers: 10

Heap:
 PSYoungGen      total 28160K, used 5497K [0x00000000eab00000, 0x00000000ecb80000, 0x0000000100000000)
  eden space 23552K, 5% used [0x00000000eab00000,0x00000000eac40530,0x00000000ec200000)
  from space 4608K, 91% used [0x00000000ec700000,0x00000000ecb1e0d8,0x00000000ecb80000)
  to   space 4608K, 0% used [0x00000000ec280000,0x00000000ec280000,0x00000000ec700000)
 ParOldGen       total 68608K, used 8093K [0x00000000c0000000, 0x00000000c4300000, 0x00000000eab00000)
  object space 68608K, 11% used [0x00000000c0000000,0x00000000c07e7500,0x00000000c4300000)
 Metaspace       used 34255K, committed 34880K, reserved 1114112K
  class space    used 3413K, committed 3648K, reserved 1048576K

Card table byte_map: [0x0000015c68fd0000,0x0000015c691e0000] _byte_map_base: 0x0000015c689d0000

Marking Bits: (ParMarkBitMap*) 0x00007fff747458b0
 Begin Bits: [0x0000015c7b2d0000, 0x0000015c7c2d0000)
 End Bits:   [0x0000015c7c2d0000, 0x0000015c7d2d0000)

Polling page: 0x0000015c675a0000

Metaspace:

Usage:
  Non-class:     30.12 MB used.
      Class:      3.33 MB used.
       Both:     33.45 MB used.

Virtual space:
  Non-class space:       64.00 MB reserved,      30.50 MB ( 48%) committed,  1 nodes.
      Class space:        1.00 GB reserved,       3.56 MB ( <1%) committed,  1 nodes.
             Both:        1.06 GB reserved,      34.06 MB (  3%) committed. 

Chunk freelists:
   Non-Class:  1.16 MB
       Class:  12.38 MB
        Both:  13.54 MB

MaxMetaspaceSize: unlimited
CompressedClassSpaceSize: 1.00 GB
Initial GC threshold: 21.00 MB
Current GC threshold: 35.00 MB
CDS: off
MetaspaceReclaimPolicy: balanced
 - commit_granule_bytes: 65536.
 - commit_granule_words: 8192.
 - virtual_space_node_default_size: 8388608.
 - enlarge_chunks_in_place: 1.
 - new_chunks_are_fully_committed: 0.
 - uncommit_free_chunks: 1.
 - use_allocation_guard: 0.
 - handle_deallocations: 1.


Internal statistics:

num_allocs_failed_limit: 3.
num_arena_births: 340.
num_arena_deaths: 14.
num_vsnodes_births: 2.
num_vsnodes_deaths: 0.
num_space_committed: 545.
num_space_uncommitted: 0.
num_chunks_returned_to_freelist: 23.
num_chunks_taken_from_freelist: 1362.
num_chunk_merges: 7.
num_chunk_splits: 859.
num_chunks_enlarged: 585.
num_inconsistent_stats: 0.

CodeHeap 'non-profiled nmethods': size=120000Kb used=1353Kb max_used=1353Kb free=118646Kb
 bounds [0x0000015c73da0000, 0x0000015c74010000, 0x0000015c7b2d0000]
CodeHeap 'profiled nmethods': size=120000Kb used=6067Kb max_used=6067Kb free=113932Kb
 bounds [0x0000015c6c2d0000, 0x0000015c6c8c0000, 0x0000015c73800000]
CodeHeap 'non-nmethods': size=5760Kb used=1279Kb max_used=1312Kb free=4480Kb
 bounds [0x0000015c73800000, 0x0000015c73a70000, 0x0000015c73da0000]
 total_blobs=3659 nmethods=3058 adapters=514
 compilation: enabled
              stopped_count=0, restarted_count=0
 full_count=0

Compilation events (20 events):
Event: 6.360 Thread 0x0000015c696eba50 nmethod 3012 0x0000015c6c8a4610 code [0x0000015c6c8a48c0, 0x0000015c6c8a5538]
Event: 6.360 Thread 0x0000015c696eba50 3011       3       java.lang.invoke.ConstantCallSite::<init> (17 bytes)
Event: 6.360 Thread 0x0000015c696eba50 nmethod 3011 0x0000015c6c8a5990 code [0x0000015c6c8a5b60, 0x0000015c6c8a6048]
Event: 6.360 Thread 0x0000015c696eba50 3013       3       java.lang.Module::canRead (86 bytes)
Event: 6.361 Thread 0x0000015c7e797a20 3015       4       jdk.internal.org.objectweb.asm.ByteVector::put12 (64 bytes)
Event: 6.361 Thread 0x0000015c696eba50 nmethod 3013 0x0000015c6c8a6290 code [0x0000015c6c8a6640, 0x0000015c6c8a7fe8]
Event: 6.362 Thread 0x0000015c696eba50 3016       3       jdk.internal.org.objectweb.asm.Type::getArgumentTypes (154 bytes)
Event: 6.363 Thread 0x0000015c7e797a20 nmethod 3015 0x0000015c73eeeb10 code [0x0000015c73eeeca0, 0x0000015c73eeee48]
Event: 6.363 Thread 0x0000015c7e797a20 3017       4       jdk.internal.org.objectweb.asm.Frame::push (109 bytes)
Event: 6.365 Thread 0x0000015c696eba50 nmethod 3016 0x0000015c6c8a8690 code [0x0000015c6c8a8b60, 0x0000015c6c8ab588]
Event: 6.365 Thread 0x0000015c696eba50 3018       3       jdk.internal.org.objectweb.asm.SymbolTable::put (150 bytes)
Event: 6.365 Thread 0x0000015c7e797a20 nmethod 3017 0x0000015c73eeef90 code [0x0000015c73eef120, 0x0000015c73eef2f8]
Event: 6.365 Thread 0x0000015c696eba50 nmethod 3018 0x0000015c6c8ac590 code [0x0000015c6c8ac760, 0x0000015c6c8ace78]
Event: 6.365 Thread 0x0000015c696eba50 3014       3       java.lang.reflect.Method::getParameterTypes (11 bytes)
Event: 6.365 Thread 0x0000015c696eba50 nmethod 3014 0x0000015c6c8ad190 code [0x0000015c6c8ad340, 0x0000015c6c8ad5e8]
Event: 6.366 Thread 0x0000015c696eba50 3010       3       java.lang.invoke.MethodHandleNatives::linkCallSite (66 bytes)
Event: 6.366 Thread 0x0000015c696eba50 nmethod 3010 0x0000015c6c8ad710 code [0x0000015c6c8ad8e0, 0x0000015c6c8adde8]
Event: 6.366 Thread 0x0000015c696eba50 3019       3       java.lang.PublicMethods$MethodList::<init> (10 bytes)
Event: 6.366 Thread 0x0000015c7e797a20 3020       4       java.lang.reflect.Modifier::isStatic (13 bytes)
Event: 6.366 Thread 0x0000015c696eba50 nmethod 3019 0x0000015c6c8adf90 code [0x0000015c6c8ae120, 0x0000015c6c8ae298]

GC Heap History (18 events):
Event: 1.484 GC heap before
{Heap before GC invocations=1 (full 0):
 PSYoungGen      total 29696K, used 25600K [0x00000000eab00000, 0x00000000ecc00000, 0x0000000100000000)
  eden space 25600K, 100% used [0x00000000eab00000,0x00000000ec400000,0x00000000ec400000)
  from space 4096K, 0% used [0x00000000ec800000,0x00000000ec800000,0x00000000ecc00000)
  to   space 4096K, 0% used [0x00000000ec400000,0x00000000ec400000,0x00000000ec800000)
 ParOldGen       total 68608K, used 0K [0x00000000c0000000, 0x00000000c4300000, 0x00000000eab00000)
  object space 68608K, 0% used [0x00000000c0000000,0x00000000c0000000,0x00000000c4300000)
 Metaspace       used 10994K, committed 11200K, reserved 1114112K
  class space    used 1095K, committed 1216K, reserved 1048576K
}
Event: 1.493 GC heap after
{Heap after GC invocations=1 (full 0):
 PSYoungGen      total 29696K, used 3133K [0x00000000eab00000, 0x00000000ecc00000, 0x0000000100000000)
  eden space 25600K, 0% used [0x00000000eab00000,0x00000000eab00000,0x00000000ec400000)
  from space 4096K, 76% used [0x00000000ec400000,0x00000000ec70f768,0x00000000ec800000)
  to   space 4096K, 0% used [0x00000000ec800000,0x00000000ec800000,0x00000000ecc00000)
 ParOldGen       total 68608K, used 16K [0x00000000c0000000, 0x00000000c4300000, 0x00000000eab00000)
  object space 68608K, 0% used [0x00000000c0000000,0x00000000c0004000,0x00000000c4300000)
 Metaspace       used 10994K, committed 11200K, reserved 1114112K
  class space    used 1095K, committed 1216K, reserved 1048576K
}
Event: 2.798 GC heap before
{Heap before GC invocations=2 (full 0):
 PSYoungGen      total 29696K, used 28733K [0x00000000eab00000, 0x00000000ecc00000, 0x0000000100000000)
  eden space 25600K, 100% used [0x00000000eab00000,0x00000000ec400000,0x00000000ec400000)
  from space 4096K, 76% used [0x00000000ec400000,0x00000000ec70f768,0x00000000ec800000)
  to   space 4096K, 0% used [0x00000000ec800000,0x00000000ec800000,0x00000000ecc00000)
 ParOldGen       total 68608K, used 16K [0x00000000c0000000, 0x00000000c4300000, 0x00000000eab00000)
  object space 68608K, 0% used [0x00000000c0000000,0x00000000c0004000,0x00000000c4300000)
 Metaspace       used 14839K, committed 15104K, reserved 1114112K
  class space    used 1505K, committed 1664K, reserved 1048576K
}
Event: 2.806 GC heap after
{Heap after GC invocations=2 (full 0):
 PSYoungGen      total 29696K, used 4089K [0x00000000eab00000, 0x00000000ecc00000, 0x0000000100000000)
  eden space 25600K, 0% used [0x00000000eab00000,0x00000000eab00000,0x00000000ec400000)
  from space 4096K, 99% used [0x00000000ec800000,0x00000000ecbfe770,0x00000000ecc00000)
  to   space 4096K, 0% used [0x00000000ec400000,0x00000000ec400000,0x00000000ec800000)
 ParOldGen       total 68608K, used 772K [0x00000000c0000000, 0x00000000c4300000, 0x00000000eab00000)
  object space 68608K, 1% used [0x00000000c0000000,0x00000000c00c1370,0x00000000c4300000)
 Metaspace       used 14839K, committed 15104K, reserved 1114112K
  class space    used 1505K, committed 1664K, reserved 1048576K
}
Event: 3.551 GC heap before
{Heap before GC invocations=3 (full 0):
 PSYoungGen      total 29696K, used 29689K [0x00000000eab00000, 0x00000000ecc00000, 0x0000000100000000)
  eden space 25600K, 100% used [0x00000000eab00000,0x00000000ec400000,0x00000000ec400000)
  from space 4096K, 99% used [0x00000000ec800000,0x00000000ecbfe770,0x00000000ecc00000)
  to   space 4096K, 0% used [0x00000000ec400000,0x00000000ec400000,0x00000000ec800000)
 ParOldGen       total 68608K, used 772K [0x00000000c0000000, 0x00000000c4300000, 0x00000000eab00000)
  object space 68608K, 1% used [0x00000000c0000000,0x00000000c00c1370,0x00000000c4300000)
 Metaspace       used 19772K, committed 20224K, reserved 1114112K
  class space    used 2017K, committed 2176K, reserved 1048576K
}
Event: 3.558 GC heap after
{Heap after GC invocations=3 (full 0):
 PSYoungGen      total 29696K, used 4090K [0x00000000eab00000, 0x00000000ecc00000, 0x0000000100000000)
  eden space 25600K, 0% used [0x00000000eab00000,0x00000000eab00000,0x00000000ec400000)
  from space 4096K, 99% used [0x00000000ec400000,0x00000000ec7fe890,0x00000000ec800000)
  to   space 4096K, 0% used [0x00000000ec800000,0x00000000ec800000,0x00000000ecc00000)
 ParOldGen       total 68608K, used 2669K [0x00000000c0000000, 0x00000000c4300000, 0x00000000eab00000)
  object space 68608K, 3% used [0x00000000c0000000,0x00000000c029b790,0x00000000c4300000)
 Metaspace       used 19772K, committed 20224K, reserved 1114112K
  class space    used 2017K, committed 2176K, reserved 1048576K
}
Event: 3.853 GC heap before
{Heap before GC invocations=4 (full 0):
 PSYoungGen      total 29696K, used 10994K [0x00000000eab00000, 0x00000000ecc00000, 0x0000000100000000)
  eden space 25600K, 26% used [0x00000000eab00000,0x00000000eb1bdff8,0x00000000ec400000)
  from space 4096K, 99% used [0x00000000ec400000,0x00000000ec7fe890,0x00000000ec800000)
  to   space 4096K, 0% used [0x00000000ec800000,0x00000000ec800000,0x00000000ecc00000)
 ParOldGen       total 68608K, used 2669K [0x00000000c0000000, 0x00000000c4300000, 0x00000000eab00000)
  object space 68608K, 3% used [0x00000000c0000000,0x00000000c029b790,0x00000000c4300000)
 Metaspace       used 21039K, committed 21504K, reserved 1114112K
  class space    used 2149K, committed 2368K, reserved 1048576K
}
Event: 3.858 GC heap after
{Heap after GC invocations=4 (full 0):
 PSYoungGen      total 29696K, used 4072K [0x00000000eab00000, 0x00000000ecc00000, 0x0000000100000000)
  eden space 25600K, 0% used [0x00000000eab00000,0x00000000eab00000,0x00000000ec400000)
  from space 4096K, 99% used [0x00000000ec800000,0x00000000ecbfa3a8,0x00000000ecc00000)
  to   space 4096K, 0% used [0x00000000ec400000,0x00000000ec400000,0x00000000ec800000)
 ParOldGen       total 68608K, used 3125K [0x00000000c0000000, 0x00000000c4300000, 0x00000000eab00000)
  object space 68608K, 4% used [0x00000000c0000000,0x00000000c030d7b0,0x00000000c4300000)
 Metaspace       used 21039K, committed 21504K, reserved 1114112K
  class space    used 2149K, committed 2368K, reserved 1048576K
}
Event: 3.858 GC heap before
{Heap before GC invocations=5 (full 1):
 PSYoungGen      total 29696K, used 4072K [0x00000000eab00000, 0x00000000ecc00000, 0x0000000100000000)
  eden space 25600K, 0% used [0x00000000eab00000,0x00000000eab00000,0x00000000ec400000)
  from space 4096K, 99% used [0x00000000ec800000,0x00000000ecbfa3a8,0x00000000ecc00000)
  to   space 4096K, 0% used [0x00000000ec400000,0x00000000ec400000,0x00000000ec800000)
 ParOldGen       total 68608K, used 3125K [0x00000000c0000000, 0x00000000c4300000, 0x00000000eab00000)
  object space 68608K, 4% used [0x00000000c0000000,0x00000000c030d7b0,0x00000000c4300000)
 Metaspace       used 21039K, committed 21504K, reserved 1114112K
  class space    used 2149K, committed 2368K, reserved 1048576K
}
Event: 3.889 GC heap after
{Heap after GC invocations=5 (full 1):
 PSYoungGen      total 29696K, used 0K [0x00000000eab00000, 0x00000000ecc00000, 0x0000000100000000)
  eden space 25600K, 0% used [0x00000000eab00000,0x00000000eab00000,0x00000000ec400000)
  from space 4096K, 0% used [0x00000000ec800000,0x00000000ec800000,0x00000000ecc00000)
  to   space 4096K, 0% used [0x00000000ec400000,0x00000000ec400000,0x00000000ec800000)
 ParOldGen       total 68608K, used 7029K [0x00000000c0000000, 0x00000000c4300000, 0x00000000eab00000)
  object space 68608K, 10% used [0x00000000c0000000,0x00000000c06dd440,0x00000000c4300000)
 Metaspace       used 21026K, committed 21504K, reserved 1114112K
  class space    used 2145K, committed 2368K, reserved 1048576K
}
Event: 4.794 GC heap before
{Heap before GC invocations=6 (full 1):
 PSYoungGen      total 29696K, used 25600K [0x00000000eab00000, 0x00000000ecc00000, 0x0000000100000000)
  eden space 25600K, 100% used [0x00000000eab00000,0x00000000ec400000,0x00000000ec400000)
  from space 4096K, 0% used [0x00000000ec800000,0x00000000ec800000,0x00000000ecc00000)
  to   space 4096K, 0% used [0x00000000ec400000,0x00000000ec400000,0x00000000ec800000)
 ParOldGen       total 68608K, used 7029K [0x00000000c0000000, 0x00000000c4300000, 0x00000000eab00000)
  object space 68608K, 10% used [0x00000000c0000000,0x00000000c06dd440,0x00000000c4300000)
 Metaspace       used 23945K, committed 24512K, reserved 1114112K
  class space    used 2449K, committed 2688K, reserved 1048576K
}
Event: 4.798 GC heap after
{Heap after GC invocations=6 (full 1):
 PSYoungGen      total 27136K, used 2009K [0x00000000eab00000, 0x00000000ec980000, 0x0000000100000000)
  eden space 25088K, 0% used [0x00000000eab00000,0x00000000eab00000,0x00000000ec380000)
  from space 2048K, 98% used [0x00000000ec400000,0x00000000ec5f64f8,0x00000000ec600000)
  to   space 3072K, 0% used [0x00000000ec680000,0x00000000ec680000,0x00000000ec980000)
 ParOldGen       total 68608K, used 7037K [0x00000000c0000000, 0x00000000c4300000, 0x00000000eab00000)
  object space 68608K, 10% used [0x00000000c0000000,0x00000000c06df440,0x00000000c4300000)
 Metaspace       used 23945K, committed 24512K, reserved 1114112K
  class space    used 2449K, committed 2688K, reserved 1048576K
}
Event: 5.200 GC heap before
{Heap before GC invocations=7 (full 1):
 PSYoungGen      total 27136K, used 27015K [0x00000000eab00000, 0x00000000ec980000, 0x0000000100000000)
  eden space 25088K, 99% used [0x00000000eab00000,0x00000000ec36b950,0x00000000ec380000)
  from space 2048K, 98% used [0x00000000ec400000,0x00000000ec5f64f8,0x00000000ec600000)
  to   space 3072K, 0% used [0x00000000ec680000,0x00000000ec680000,0x00000000ec980000)
 ParOldGen       total 68608K, used 7037K [0x00000000c0000000, 0x00000000c4300000, 0x00000000eab00000)
  object space 68608K, 10% used [0x00000000c0000000,0x00000000c06df440,0x00000000c4300000)
 Metaspace       used 28126K, committed 28672K, reserved 1114112K
  class space    used 2758K, committed 3008K, reserved 1048576K
}
Event: 5.203 GC heap after
{Heap after GC invocations=7 (full 1):
 PSYoungGen      total 27648K, used 2787K [0x00000000eab00000, 0x00000000ec980000, 0x0000000100000000)
  eden space 24576K, 0% used [0x00000000eab00000,0x00000000eab00000,0x00000000ec300000)
  from space 3072K, 90% used [0x00000000ec680000,0x00000000ec938cb8,0x00000000ec980000)
  to   space 3072K, 0% used [0x00000000ec380000,0x00000000ec380000,0x00000000ec680000)
 ParOldGen       total 68608K, used 7037K [0x00000000c0000000, 0x00000000c4300000, 0x00000000eab00000)
  object space 68608K, 10% used [0x00000000c0000000,0x00000000c06df440,0x00000000c4300000)
 Metaspace       used 28126K, committed 28672K, reserved 1114112K
  class space    used 2758K, committed 3008K, reserved 1048576K
}
Event: 5.588 GC heap before
{Heap before GC invocations=8 (full 1):
 PSYoungGen      total 27648K, used 27363K [0x00000000eab00000, 0x00000000ec980000, 0x0000000100000000)
  eden space 24576K, 100% used [0x00000000eab00000,0x00000000ec300000,0x00000000ec300000)
  from space 3072K, 90% used [0x00000000ec680000,0x00000000ec938cb8,0x00000000ec980000)
  to   space 3072K, 0% used [0x00000000ec380000,0x00000000ec380000,0x00000000ec680000)
 ParOldGen       total 68608K, used 7037K [0x00000000c0000000, 0x00000000c4300000, 0x00000000eab00000)
  object space 68608K, 10% used [0x00000000c0000000,0x00000000c06df440,0x00000000c4300000)
 Metaspace       used 30382K, committed 30976K, reserved 1114112K
  class space    used 2940K, committed 3200K, reserved 1048576K
}
Event: 5.590 GC heap after
{Heap after GC invocations=8 (full 1):
 PSYoungGen      total 27136K, used 3051K [0x00000000eab00000, 0x00000000ecb80000, 0x0000000100000000)
  eden space 24064K, 0% used [0x00000000eab00000,0x00000000eab00000,0x00000000ec280000)
  from space 3072K, 99% used [0x00000000ec380000,0x00000000ec67ade0,0x00000000ec680000)
  to   space 4608K, 0% used [0x00000000ec700000,0x00000000ec700000,0x00000000ecb80000)
 ParOldGen       total 68608K, used 8085K [0x00000000c0000000, 0x00000000c4300000, 0x00000000eab00000)
  object space 68608K, 11% used [0x00000000c0000000,0x00000000c07e5500,0x00000000c4300000)
 Metaspace       used 30382K, committed 30976K, reserved 1114112K
  class space    used 2940K, committed 3200K, reserved 1048576K
}
Event: 6.354 GC heap before
{Heap before GC invocations=9 (full 1):
 PSYoungGen      total 27136K, used 27115K [0x00000000eab00000, 0x00000000ecb80000, 0x0000000100000000)
  eden space 24064K, 100% used [0x00000000eab00000,0x00000000ec280000,0x00000000ec280000)
  from space 3072K, 99% used [0x00000000ec380000,0x00000000ec67ade0,0x00000000ec680000)
  to   space 4608K, 0% used [0x00000000ec700000,0x00000000ec700000,0x00000000ecb80000)
 ParOldGen       total 68608K, used 8085K [0x00000000c0000000, 0x00000000c4300000, 0x00000000eab00000)
  object space 68608K, 11% used [0x00000000c0000000,0x00000000c07e5500,0x00000000c4300000)
 Metaspace       used 34071K, committed 34752K, reserved 1114112K
  class space    used 3399K, committed 3648K, reserved 1048576K
}
Event: 6.358 GC heap after
{Heap after GC invocations=9 (full 1):
 PSYoungGen      total 28160K, used 4216K [0x00000000eab00000, 0x00000000ecb80000, 0x0000000100000000)
  eden space 23552K, 0% used [0x00000000eab00000,0x00000000eab00000,0x00000000ec200000)
  from space 4608K, 91% used [0x00000000ec700000,0x00000000ecb1e0d8,0x00000000ecb80000)
  to   space 4608K, 0% used [0x00000000ec280000,0x00000000ec280000,0x00000000ec700000)
 ParOldGen       total 68608K, used 8093K [0x00000000c0000000, 0x00000000c4300000, 0x00000000eab00000)
  object space 68608K, 11% used [0x00000000c0000000,0x00000000c07e7500,0x00000000c4300000)
 Metaspace       used 34071K, committed 34752K, reserved 1114112K
  class space    used 3399K, committed 3648K, reserved 1048576K
}

Dll operation events (10 events):
Event: 0.018 Loaded shared library c:\Users\samue\.vscode\extensions\redhat.java-1.34.0-win32-x64\jre\17.0.12-win32-x86_64\bin\java.dll
Event: 0.244 Loaded shared library c:\Users\samue\.vscode\extensions\redhat.java-1.34.0-win32-x64\jre\17.0.12-win32-x86_64\bin\zip.dll
Event: 0.250 Loaded shared library C:\Users\samue\.vscode\extensions\redhat.java-1.34.0-win32-x64\jre\17.0.12-win32-x86_64\bin\instrument.dll
Event: 0.269 Loaded shared library C:\Users\samue\.vscode\extensions\redhat.java-1.34.0-win32-x64\jre\17.0.12-win32-x86_64\bin\net.dll
Event: 0.272 Loaded shared library C:\Users\samue\.vscode\extensions\redhat.java-1.34.0-win32-x64\jre\17.0.12-win32-x86_64\bin\nio.dll
Event: 0.282 Loaded shared library C:\Users\samue\.vscode\extensions\redhat.java-1.34.0-win32-x64\jre\17.0.12-win32-x86_64\bin\zip.dll
Event: 0.306 Loaded shared library C:\Users\samue\.vscode\extensions\redhat.java-1.34.0-win32-x64\jre\17.0.12-win32-x86_64\bin\jimage.dll
Event: 0.440 Loaded shared library c:\Users\samue\.vscode\extensions\redhat.java-1.34.0-win32-x64\jre\17.0.12-win32-x86_64\bin\verify.dll
Event: 2.578 Loaded shared library C:\Users\samue\AppData\Roaming\Code\User\globalStorage\redhat.java\1.34.0\config_ss_win\org.eclipse.equinox.launcher\org.eclipse.equinox.launcher.win32.win32.x86_64_1.2.1100.v20240722-2106\eclipse_11904.dll
Event: 4.272 Loaded shared library C:\Users\samue\AppData\Local\Temp\jna-109203119\jna11215472805824820704.dll

Deoptimization events (20 events):
Event: 5.591 Thread 0x0000015c04852af0 DEOPT PACKING pc=0x0000015c6c7e1ad6 sp=0x00000048576f8a00
Event: 5.591 Thread 0x0000015c04852af0 DEOPT UNPACKING pc=0x0000015c73856e43 sp=0x00000048576f7e88 mode 0
Event: 5.639 Thread 0x0000015c04852af0 DEOPT PACKING pc=0x0000015c6c3c209e sp=0x00000048576fce70
Event: 5.639 Thread 0x0000015c04852af0 DEOPT UNPACKING pc=0x0000015c73856e43 sp=0x00000048576fc368 mode 0
Event: 6.023 Thread 0x0000015c04852af0 Uncommon trap: trap_request=0xffffff45 fr.pc=0x0000015c73e798e0 relative=0x0000000000000a80
Event: 6.023 Thread 0x0000015c04852af0 Uncommon trap: reason=unstable_if action=reinterpret pc=0x0000015c73e798e0 method=jdk.internal.org.objectweb.asm.SymbolTable.put(Ljdk/internal/org/objectweb/asm/SymbolTable$Entry;)Ljdk/internal/org/objectweb/asm/SymbolTable$Entry; @ 13 c2
Event: 6.023 Thread 0x0000015c04852af0 DEOPT PACKING pc=0x0000015c73e798e0 sp=0x00000048576fbb40
Event: 6.023 Thread 0x0000015c04852af0 DEOPT UNPACKING pc=0x0000015c738566a3 sp=0x00000048576fba88 mode 2
Event: 6.035 Thread 0x0000015c04852af0 Uncommon trap: trap_request=0xffffff76 fr.pc=0x0000015c73ed9b50 relative=0x0000000000000610
Event: 6.035 Thread 0x0000015c04852af0 Uncommon trap: reason=predicate action=maybe_recompile pc=0x0000015c73ed9b50 method=java.util.TreeMap.getEntryUsingComparator(Ljava/lang/Object;)Ljava/util/TreeMap$Entry; @ 19 c2
Event: 6.035 Thread 0x0000015c04852af0 DEOPT PACKING pc=0x0000015c73ed9b50 sp=0x00000048576fc580
Event: 6.035 Thread 0x0000015c04852af0 DEOPT UNPACKING pc=0x0000015c738566a3 sp=0x00000048576fc4a0 mode 2
Event: 6.089 Thread 0x0000015c696331d0 Uncommon trap: trap_request=0xffffff76 fr.pc=0x0000015c73ed44c8 relative=0x0000000000000608
Event: 6.089 Thread 0x0000015c696331d0 Uncommon trap: reason=predicate action=maybe_recompile pc=0x0000015c73ed44c8 method=java.util.TreeMap.getEntryUsingComparator(Ljava/lang/Object;)Ljava/util/TreeMap$Entry; @ 19 c2
Event: 6.089 Thread 0x0000015c696331d0 DEOPT PACKING pc=0x0000015c73ed44c8 sp=0x0000004855efdd50
Event: 6.089 Thread 0x0000015c696331d0 DEOPT UNPACKING pc=0x0000015c738566a3 sp=0x0000004855efdd00 mode 2
Event: 6.361 Thread 0x0000015c696331d0 Uncommon trap: trap_request=0xffffff45 fr.pc=0x0000015c73e64e34 relative=0x0000000000000114
Event: 6.361 Thread 0x0000015c696331d0 Uncommon trap: reason=unstable_if action=reinterpret pc=0x0000015c73e64e34 method=jdk.internal.org.objectweb.asm.SymbolTable.put(Ljdk/internal/org/objectweb/asm/SymbolTable$Entry;)Ljdk/internal/org/objectweb/asm/SymbolTable$Entry; @ 13 c2
Event: 6.361 Thread 0x0000015c696331d0 DEOPT PACKING pc=0x0000015c73e64e34 sp=0x0000004855efd600
Event: 6.362 Thread 0x0000015c696331d0 DEOPT UNPACKING pc=0x0000015c738566a3 sp=0x0000004855efd560 mode 2

Classes loaded (20 events):
Event: 6.195 Loading class jdk/internal/vm/annotation/IntrinsicCandidate
Event: 6.195 Loading class jdk/internal/vm/annotation/IntrinsicCandidate done
Event: 6.218 Loading class sun/reflect/generics/tree/BottomSignature
Event: 6.218 Loading class sun/reflect/generics/tree/BottomSignature done
Event: 6.218 Loading class sun/reflect/generics/tree/Wildcard
Event: 6.218 Loading class sun/reflect/generics/tree/Wildcard done
Event: 6.218 Loading class sun/reflect/generics/reflectiveObjects/WildcardTypeImpl
Event: 6.219 Loading class java/lang/reflect/WildcardType
Event: 6.219 Loading class java/lang/reflect/WildcardType done
Event: 6.219 Loading class sun/reflect/generics/reflectiveObjects/WildcardTypeImpl done
Event: 6.301 Loading class java/math/BigDecimal
Event: 6.302 Loading class java/math/BigDecimal done
Event: 6.310 Loading class java/text/ParseException
Event: 6.310 Loading class java/text/ParseException done
Event: 6.321 Loading class java/util/concurrent/atomic/AtomicIntegerArray
Event: 6.321 Loading class java/util/concurrent/atomic/AtomicIntegerArray done
Event: 6.323 Loading class java/util/Currency
Event: 6.324 Loading class java/util/Currency done
Event: 6.327 Loading class java/util/concurrent/atomic/AtomicLongArray
Event: 6.327 Loading class java/util/concurrent/atomic/AtomicLongArray done

Classes unloaded (7 events):
Event: 3.862 Thread 0x0000015c696b8a20 Unloading class 0x0000000100222800 'java/lang/invoke/LambdaForm$MH+0x0000000100222800'
Event: 3.862 Thread 0x0000015c696b8a20 Unloading class 0x0000000100222400 'java/lang/invoke/LambdaForm$MH+0x0000000100222400'
Event: 3.862 Thread 0x0000015c696b8a20 Unloading class 0x0000000100222000 'java/lang/invoke/LambdaForm$MH+0x0000000100222000'
Event: 3.862 Thread 0x0000015c696b8a20 Unloading class 0x0000000100221c00 'java/lang/invoke/LambdaForm$MH+0x0000000100221c00'
Event: 3.862 Thread 0x0000015c696b8a20 Unloading class 0x0000000100221800 'java/lang/invoke/LambdaForm$BMH+0x0000000100221800'
Event: 3.862 Thread 0x0000015c696b8a20 Unloading class 0x0000000100221400 'java/lang/invoke/LambdaForm$DMH+0x0000000100221400'
Event: 3.862 Thread 0x0000015c696b8a20 Unloading class 0x0000000100218400 'java/lang/invoke/LambdaForm$DMH+0x0000000100218400'

Classes redefined (0 events):
No events

Internal exceptions (20 events):
Event: 4.624 Thread 0x0000015c04852af0 Exception <a 'java/lang/NoSuchMethodError'{0x00000000eb55d758}: 'double java.lang.invoke.DirectMethodHandle$Holder.invokeStatic(java.lang.Object, java.lang.Object)'> (0x00000000eb55d758) 
thrown [s\src\hotspot\share\interpreter\linkResolver.cpp, line 759]
Event: 4.624 Thread 0x0000015c04852af0 Exception <a 'java/lang/NoSuchMethodError'{0x00000000eb561070}: 'double java.lang.invoke.DirectMethodHandle$Holder.invokeStaticInit(java.lang.Object, java.lang.Object)'> (0x00000000eb561070) 
thrown [s\src\hotspot\share\interpreter\linkResolver.cpp, line 759]
Event: 5.112 Thread 0x0000015c04852af0 Implicit null exception at 0x0000015c73e9c9c8 to 0x0000015c73e9ca88
Event: 5.426 Thread 0x0000015c04852af0 Exception <a 'java/lang/ClassNotFoundException'{0x00000000ebc38a20}: com/sun/org/apache/xerces/internal/impl/msg/spi/DOMMessagesProvider> (0x00000000ebc38a20) 
thrown [s\src\hotspot\share\classfile\systemDictionary.cpp, line 256]
Event: 5.430 Thread 0x0000015c04852af0 Exception <a 'java/lang/ClassNotFoundException'{0x00000000ebc73468}: com/sun/org/apache/xerces/internal/impl/msg/spi/XMLSerializerMessagesProvider> (0x00000000ebc73468) 
thrown [s\src\hotspot\share\classfile\systemDictionary.cpp, line 256]
Event: 5.432 Thread 0x0000015c04852af0 Exception <a 'java/lang/ClassNotFoundException'{0x00000000ebc8b760}: com/sun/org/apache/xerces/internal/impl/msg/spi/XMLMessagesProvider> (0x00000000ebc8b760) 
thrown [s\src\hotspot\share\classfile\systemDictionary.cpp, line 256]
Event: 5.462 Thread 0x0000015c04852af0 Exception <a 'java/lang/NoSuchMethodError'{0x00000000ebebc990}: 'java.lang.Object java.lang.invoke.DirectMethodHandle$Holder.newInvokeSpecial(java.lang.Object, int, java.lang.Object, java.lang.Object)'> (0x00000000ebebc990) 
thrown [s\src\hotspot\share\interpreter\linkResolver.cpp, line 759]
Event: 5.551 Thread 0x0000015c04852af0 Exception <a 'sun/nio/fs/WindowsException'{0x00000000ec0c4440}> (0x00000000ec0c4440) 
thrown [s\src\hotspot\share\prims\jni.cpp, line 516]
Event: 5.676 Thread 0x0000015c04852af0 Exception <a 'java/lang/ClassNotFoundException'{0x00000000eaed6870}: com/sun/org/apache/xml/internal/serializer/spi/XMLEntitiesProvider> (0x00000000eaed6870) 
thrown [s\src\hotspot\share\classfile\systemDictionary.cpp, line 256]
Event: 5.942 Thread 0x0000015c04852af0 Exception <a 'java/io/FileNotFoundException'{0x00000000eb251120}> (0x00000000eb251120) 
thrown [s\src\hotspot\share\prims\jni.cpp, line 516]
Event: 6.027 Thread 0x0000015c04852af0 Exception <a 'java/lang/UnsatisfiedLinkError'{0x00000000eb3537a8}: Não foi possível encontrar o procedimento especificado.
> (0x00000000eb3537a8) 
thrown [s\src\hotspot\share\prims\jni.cpp, line 535]
Event: 6.033 Thread 0x0000015c04852af0 Exception <a 'java/io/FileNotFoundException'{0x00000000eb36a310}> (0x00000000eb36a310) 
thrown [s\src\hotspot\share\prims\jni.cpp, line 516]
Event: 6.050 Thread 0x0000015c04852af0 Exception <a 'java/io/FileNotFoundException'{0x00000000eb3e4e98}> (0x00000000eb3e4e98) 
thrown [s\src\hotspot\share\prims\jni.cpp, line 516]
Event: 6.056 Thread 0x0000015c04852af0 Exception <a 'java/lang/UnsatisfiedLinkError'{0x00000000eb410928}: Não foi possível encontrar o procedimento especificado.
> (0x00000000eb410928) 
thrown [s\src\hotspot\share\prims\jni.cpp, line 535]
Event: 6.123 Thread 0x0000015c696331d0 Exception <a 'java/lang/NoSuchMethodError'{0x00000000eb5e8428}: 'java.lang.Object java.lang.invoke.DirectMethodHandle$Holder.invokeStatic(java.lang.Object, java.lang.Object, long, java.lang.Object)'> (0x00000000eb5e8428) 
thrown [s\src\hotspot\share\interpreter\linkResolver.cpp, line 759]
Event: 6.123 Thread 0x0000015c696331d0 Exception <a 'java/lang/NoSuchMethodError'{0x00000000eb5ec118}: 'java.lang.Object java.lang.invoke.DirectMethodHandle$Holder.invokeStaticInit(java.lang.Object, java.lang.Object, long, java.lang.Object)'> (0x00000000eb5ec118) 
thrown [s\src\hotspot\share\interpreter\linkResolver.cpp, line 759]
Event: 6.124 Thread 0x0000015c696331d0 Exception <a 'java/lang/NoSuchMethodError'{0x00000000eb5f2728}: 'java.lang.Object java.lang.invoke.DirectMethodHandle$Holder.newInvokeSpecial(java.lang.Object, java.lang.Object, long)'> (0x00000000eb5f2728) 
thrown [s\src\hotspot\share\interpreter\linkResolver.cpp, line 759]
Event: 6.193 Thread 0x0000015c696331d0 Exception <a 'java/lang/NoSuchMethodError'{0x00000000eb9537e0}: 'void java.lang.invoke.DirectMethodHandle$Holder.invokeStatic(java.lang.Object, java.lang.Object, java.lang.Object, java.lang.Object)'> (0x00000000eb9537e0) 
thrown [s\src\hotspot\share\interpreter\linkResolver.cpp, line 759]
Event: 6.344 Thread 0x0000015c696331d0 Exception <a 'java/lang/NoSuchMethodError'{0x00000000ec224128}: 'void java.lang.invoke.DirectMethodHandle$Holder.invokeSpecial(java.lang.Object, java.lang.Object, java.lang.Object, java.lang.Object, java.lang.Object, java.lang.Object)'> (0x00000000ec224128) 
thrown [s\src\hotspot\share\interpreter\linkResolver.cpp, line 759]
Event: 6.346 Thread 0x0000015c696331d0 Exception <a 'java/lang/IncompatibleClassChangeError'{0x00000000ec22db10}: Found class java.lang.Object, but interface was expected> (0x00000000ec22db10) 
thrown [s\src\hotspot\share\interpreter\linkResolver.cpp, line 826]

VM Operations (20 events):
Event: 4.794 Executing VM operation: ParallelGCFailedAllocation
Event: 4.798 Executing VM operation: ParallelGCFailedAllocation done
Event: 5.200 Executing VM operation: ParallelGCFailedAllocation
Event: 5.203 Executing VM operation: ParallelGCFailedAllocation done
Event: 5.393 Executing VM operation: HandshakeAllThreads
Event: 5.393 Executing VM operation: HandshakeAllThreads done
Event: 5.539 Executing VM operation: HandshakeAllThreads
Event: 5.539 Executing VM operation: HandshakeAllThreads done
Event: 5.542 Executing VM operation: HandshakeAllThreads
Event: 5.542 Executing VM operation: HandshakeAllThreads done
Event: 5.588 Executing VM operation: ParallelGCFailedAllocation
Event: 5.590 Executing VM operation: ParallelGCFailedAllocation done
Event: 5.593 Executing VM operation: HandshakeAllThreads
Event: 5.593 Executing VM operation: HandshakeAllThreads done
Event: 5.825 Executing VM operation: HandshakeAllThreads
Event: 5.825 Executing VM operation: HandshakeAllThreads done
Event: 6.082 Executing VM operation: HandshakeAllThreads
Event: 6.082 Executing VM operation: HandshakeAllThreads done
Event: 6.354 Executing VM operation: ParallelGCFailedAllocation
Event: 6.358 Executing VM operation: ParallelGCFailedAllocation done

Events (20 events):
Event: 4.554 Thread 0x0000015c04b7f710 Thread added: 0x0000015c04b7f710
Event: 4.772 Thread 0x0000015c04db6e30 Thread added: 0x0000015c04db6e30
Event: 4.981 Thread 0x0000015c04db6e30 Thread exited: 0x0000015c04db6e30
Event: 5.193 Thread 0x0000015c05343290 Thread added: 0x0000015c05343290
Event: 5.447 Thread 0x0000015c04b80640 Thread added: 0x0000015c04b80640
Event: 5.570 Thread 0x0000015c04b80640 Thread exited: 0x0000015c04b80640
Event: 6.136 Thread 0x0000015c04b7d3a0 Thread added: 0x0000015c04b7d3a0
Event: 6.136 Thread 0x0000015c04b80130 Thread added: 0x0000015c04b80130
Event: 6.137 Thread 0x0000015c04b80640 Thread added: 0x0000015c04b80640
Event: 6.137 Thread 0x0000015c04b7ddc0 Thread added: 0x0000015c04b7ddc0
Event: 6.137 Thread 0x0000015c04b7e2d0 Thread added: 0x0000015c04b7e2d0
Event: 6.137 Thread 0x0000015c04b7e7e0 Thread added: 0x0000015c04b7e7e0
Event: 6.137 Thread 0x0000015c04b7ecf0 Thread added: 0x0000015c04b7ecf0
Event: 6.137 Thread 0x0000015c04ec3a20 Thread added: 0x0000015c04ec3a20
Event: 6.137 Thread 0x0000015c04ebf340 Thread added: 0x0000015c04ebf340
Event: 6.137 Thread 0x0000015c04ec11a0 Thread added: 0x0000015c04ec11a0
Event: 6.137 Thread 0x0000015c04ebe410 Thread added: 0x0000015c04ebe410
Event: 6.138 Thread 0x0000015c04ebc5b0 Thread added: 0x0000015c04ebc5b0
Event: 6.138 Thread 0x0000015c04ec16b0 Thread added: 0x0000015c04ec16b0
Event: 6.167 Thread 0x0000015c04ec3510 Thread added: 0x0000015c04ec3510


Dynamic libraries:
0x00007ff6e7470000 - 0x00007ff6e747e000 	c:\Users\samue\.vscode\extensions\redhat.java-1.34.0-win32-x64\jre\17.0.12-win32-x86_64\bin\java.exe
0x00007fffca1d0000 - 0x00007fffca3c8000 	C:\Windows\SYSTEM32\ntdll.dll
0x00007fffc9310000 - 0x00007fffc93d1000 	C:\Windows\System32\KERNEL32.DLL
0x00007fffc7a20000 - 0x00007fffc7d16000 	C:\Windows\System32\KERNELBASE.dll
0x00007fffc7de0000 - 0x00007fffc7ee0000 	C:\Windows\System32\ucrtbase.dll
0x00007fffc0710000 - 0x00007fffc0727000 	c:\Users\samue\.vscode\extensions\redhat.java-1.34.0-win32-x64\jre\17.0.12-win32-x86_64\bin\jli.dll
0x00007fffbfc20000 - 0x00007fffbfc3b000 	c:\Users\samue\.vscode\extensions\redhat.java-1.34.0-win32-x64\jre\17.0.12-win32-x86_64\bin\VCRUNTIME140.dll
0x00007fffb6a50000 - 0x00007fffb6cea000 	C:\Windows\WinSxS\amd64_microsoft.windows.common-controls_6595b64144ccf1df_6.0.19041.4355_none_60b8b9eb71f62e16\COMCTL32.dll
0x00007fffc9b60000 - 0x00007fffc9cff000 	C:\Windows\System32\USER32.dll
0x00007fffc79f0000 - 0x00007fffc7a12000 	C:\Windows\System32\win32u.dll
0x00007fffc8df0000 - 0x00007fffc8e8e000 	C:\Windows\System32\msvcrt.dll
0x00007fffca160000 - 0x00007fffca18b000 	C:\Windows\System32\GDI32.dll
0x00007fffc7880000 - 0x00007fffc7997000 	C:\Windows\System32\gdi32full.dll
0x00007fffc7f90000 - 0x00007fffc802d000 	C:\Windows\System32\msvcp_win.dll
0x00007fffc8fb0000 - 0x00007fffc8fdf000 	C:\Windows\System32\IMM32.DLL
0x00007fffc39f0000 - 0x00007fffc39fc000 	c:\Users\samue\.vscode\extensions\redhat.java-1.34.0-win32-x64\jre\17.0.12-win32-x86_64\bin\vcruntime140_1.dll
0x00007fffbc0a0000 - 0x00007fffbc12d000 	c:\Users\samue\.vscode\extensions\redhat.java-1.34.0-win32-x64\jre\17.0.12-win32-x86_64\bin\msvcp140.dll
0x00007fff73ba0000 - 0x00007fff7480a000 	c:\Users\samue\.vscode\extensions\redhat.java-1.34.0-win32-x64\jre\17.0.12-win32-x86_64\bin\server\jvm.dll
0x00007fffc9640000 - 0x00007fffc96f0000 	C:\Windows\System32\ADVAPI32.dll
0x00007fffca0c0000 - 0x00007fffca160000 	C:\Windows\System32\sechost.dll
0x00007fffc8330000 - 0x00007fffc8453000 	C:\Windows\System32\RPCRT4.dll
0x00007fffc7db0000 - 0x00007fffc7dd7000 	C:\Windows\System32\bcrypt.dll
0x00007fffc9160000 - 0x00007fffc91cb000 	C:\Windows\System32\WS2_32.dll
0x00007fffc6d70000 - 0x00007fffc6dbb000 	C:\Windows\SYSTEM32\POWRPROF.dll
0x00007fffbd9c0000 - 0x00007fffbd9ca000 	C:\Windows\SYSTEM32\VERSION.dll
0x00007fffb4de0000 - 0x00007fffb4e07000 	C:\Windows\SYSTEM32\WINMM.dll
0x00007fffc6c30000 - 0x00007fffc6c42000 	C:\Windows\SYSTEM32\UMPDC.dll
0x00007fffc5600000 - 0x00007fffc5612000 	C:\Windows\SYSTEM32\kernel.appcore.dll
0x00007fffc10c0000 - 0x00007fffc10ca000 	c:\Users\samue\.vscode\extensions\redhat.java-1.34.0-win32-x64\jre\17.0.12-win32-x86_64\bin\jimage.dll
0x00007fffb2bc0000 - 0x00007fffb2da4000 	C:\Windows\SYSTEM32\DBGHELP.DLL
0x00007fffac660000 - 0x00007fffac694000 	C:\Windows\SYSTEM32\dbgcore.DLL
0x00007fffc7d20000 - 0x00007fffc7da2000 	C:\Windows\System32\bcryptPrimitives.dll
0x00007fffc0ea0000 - 0x00007fffc0eae000 	c:\Users\samue\.vscode\extensions\redhat.java-1.34.0-win32-x64\jre\17.0.12-win32-x86_64\bin\instrument.dll
0x00007fffbcc80000 - 0x00007fffbcca5000 	c:\Users\samue\.vscode\extensions\redhat.java-1.34.0-win32-x64\jre\17.0.12-win32-x86_64\bin\java.dll
0x00007fffbe540000 - 0x00007fffbe558000 	c:\Users\samue\.vscode\extensions\redhat.java-1.34.0-win32-x64\jre\17.0.12-win32-x86_64\bin\zip.dll
0x00007fffc8590000 - 0x00007fffc8cfc000 	C:\Windows\System32\SHELL32.dll
0x00007fffc58e0000 - 0x00007fffc607e000 	C:\Windows\SYSTEM32\windows.storage.dll
0x00007fffc9d00000 - 0x00007fffca053000 	C:\Windows\System32\combase.dll
0x00007fffc71c0000 - 0x00007fffc71ee000 	C:\Windows\SYSTEM32\Wldp.dll
0x00007fffc9090000 - 0x00007fffc915d000 	C:\Windows\System32\OLEAUT32.dll
0x00007fffc84e0000 - 0x00007fffc858d000 	C:\Windows\System32\SHCORE.dll
0x00007fffc95e0000 - 0x00007fffc9635000 	C:\Windows\System32\shlwapi.dll
0x00007fffc77b0000 - 0x00007fffc77d4000 	C:\Windows\SYSTEM32\profapi.dll
0x00007fffbcc60000 - 0x00007fffbcc79000 	C:\Users\samue\.vscode\extensions\redhat.java-1.34.0-win32-x64\jre\17.0.12-win32-x86_64\bin\net.dll
0x00007fffc0b10000 - 0x00007fffc0c1a000 	C:\Windows\SYSTEM32\WINHTTP.dll
0x00007fffc6fa0000 - 0x00007fffc700a000 	C:\Windows\system32\mswsock.dll
0x00007fffbaf50000 - 0x00007fffbaf66000 	C:\Users\samue\.vscode\extensions\redhat.java-1.34.0-win32-x64\jre\17.0.12-win32-x86_64\bin\nio.dll
0x00007fffbd9d0000 - 0x00007fffbd9e0000 	c:\Users\samue\.vscode\extensions\redhat.java-1.34.0-win32-x64\jre\17.0.12-win32-x86_64\bin\verify.dll
0x00007fffba950000 - 0x00007fffba995000 	C:\Users\samue\AppData\Roaming\Code\User\globalStorage\redhat.java\1.34.0\config_ss_win\org.eclipse.equinox.launcher\org.eclipse.equinox.launcher.win32.win32.x86_64_1.2.1100.v20240722-2106\eclipse_11904.dll
0x00007fffc8200000 - 0x00007fffc832b000 	C:\Windows\System32\ole32.dll
0x00007fffc7510000 - 0x00007fffc7528000 	C:\Windows\SYSTEM32\CRYPTSP.dll
0x00007fffc6870000 - 0x00007fffc68a4000 	C:\Windows\system32\rsaenh.dll
0x00007fffc7760000 - 0x00007fffc778e000 	C:\Windows\SYSTEM32\USERENV.dll
0x00007fffc7130000 - 0x00007fffc713c000 	C:\Windows\SYSTEM32\CRYPTBASE.dll
0x00007fffc6c50000 - 0x00007fffc6c8b000 	C:\Windows\SYSTEM32\IPHLPAPI.DLL
0x00007fffc95b0000 - 0x00007fffc95b8000 	C:\Windows\System32\NSI.dll
0x00007fffc2130000 - 0x00007fffc2147000 	C:\Windows\SYSTEM32\dhcpcsvc6.DLL
0x00007fffc2110000 - 0x00007fffc212d000 	C:\Windows\SYSTEM32\dhcpcsvc.DLL
0x00007fffc6ca0000 - 0x00007fffc6d6a000 	C:\Windows\SYSTEM32\DNSAPI.dll
0x00007fffba8b0000 - 0x00007fffba8f5000 	C:\Users\samue\AppData\Local\Temp\jna-109203119\jna11215472805824820704.dll
0x00007fffc93e0000 - 0x00007fffc93e8000 	C:\Windows\System32\PSAPI.DLL

dbghelp: loaded successfully - version: 4.0.5 - missing functions: none
symbol engine: initialized successfully - sym options: 0x614 - pdb path: .;c:\Users\samue\.vscode\extensions\redhat.java-1.34.0-win32-x64\jre\17.0.12-win32-x86_64\bin;C:\Windows\SYSTEM32;C:\Windows\WinSxS\amd64_microsoft.windows.common-controls_6595b64144ccf1df_6.0.19041.4355_none_60b8b9eb71f62e16;c:\Users\samue\.vscode\extensions\redhat.java-1.34.0-win32-x64\jre\17.0.12-win32-x86_64\bin\server;C:\Users\samue\AppData\Roaming\Code\User\globalStorage\redhat.java\1.34.0\config_ss_win\org.eclipse.equinox.launcher\org.eclipse.equinox.launcher.win32.win32.x86_64_1.2.1100.v20240722-2106;C:\Users\samue\AppData\Local\Temp\jna-109203119

VM Arguments:
jvm_args: --add-modules=ALL-SYSTEM --add-opens=java.base/java.util=ALL-UNNAMED --add-opens=java.base/java.lang=ALL-UNNAMED --add-opens=java.base/sun.nio.fs=ALL-UNNAMED -Declipse.application=org.eclipse.jdt.ls.core.id1 -Dosgi.bundles.defaultStartLevel=4 -Declipse.product=org.eclipse.jdt.ls.core.product -Djava.import.generatesMetadataFilesAtProjectRoot=false -DDetectVMInstallationsJob.disabled=true -Dfile.encoding=utf8 -XX:+UseParallelGC -XX:GCTimeRatio=4 -XX:AdaptiveSizePolicyWeight=90 -Dsun.zip.disableMemoryMapping=true -Xmx1G -Xms100m -Xlog:disable -javaagent:c:\Users\samue\.vscode\extensions\redhat.java-1.34.0-win32-x64\lombok\lombok-1.18.33.jar 
java_command: c:\Users\samue\.vscode\extensions\redhat.java-1.34.0-win32-x64\server\plugins\org.eclipse.equinox.launcher_1.6.900.v20240613-2009.jar -configuration c:\Users\samue\AppData\Roaming\Code\User\globalStorage\redhat.java\1.34.0\config_ss_win -data c:\Users\samue\AppData\Roaming\Code\User\workspaceStorage\6fbd3135cf8ae7d3c7752abeff9e4600\redhat.java\ss_ws --pipe=\\.\pipe\lsp-b9e9757b9f7c6658376fe7664cfcb7b2-sock
java_class_path (initial): c:\Users\samue\.vscode\extensions\redhat.java-1.34.0-win32-x64\server\plugins\org.eclipse.equinox.launcher_1.6.900.v20240613-2009.jar
Launcher Type: SUN_STANDARD

[Global flags]
    uintx AdaptiveSizePolicyWeight                 = 90                                        {product} {command line}
     intx CICompilerCount                          = 4                                         {product} {ergonomic}
    uintx GCTimeRatio                              = 4                                         {product} {command line}
   size_t InitialHeapSize                          = 104857600                                 {product} {command line}
   size_t MaxHeapSize                              = 1073741824                                {product} {command line}
   size_t MaxNewSize                               = 357564416                                 {product} {ergonomic}
   size_t MinHeapDeltaBytes                        = 524288                                    {product} {ergonomic}
   size_t MinHeapSize                              = 104857600                                 {product} {command line}
   size_t NewSize                                  = 34603008                                  {product} {ergonomic}
    uintx NonNMethodCodeHeapSize                   = 5839372                                {pd product} {ergonomic}
    uintx NonProfiledCodeHeapSize                  = 122909434                              {pd product} {ergonomic}
   size_t OldSize                                  = 70254592                                  {product} {ergonomic}
    uintx ProfiledCodeHeapSize                     = 122909434                              {pd product} {ergonomic}
    uintx ReservedCodeCacheSize                    = 251658240                              {pd product} {ergonomic}
     bool SegmentedCodeCache                       = true                                      {product} {ergonomic}
   size_t SoftMaxHeapSize                          = 1073741824                             {manageable} {ergonomic}
     bool UseCompressedClassPointers               = true                           {product lp64_product} {ergonomic}
     bool UseCompressedOops                        = true                           {product lp64_product} {ergonomic}
     bool UseLargePagesIndividualAllocation        = false                                  {pd product} {ergonomic}
     bool UseParallelGC                            = true                                      {product} {command line}

Logging:
Log output configuration:
 #0: stdout all=off uptime,level,tags
 #1: stderr all=off uptime,level,tags

Environment Variables:
PATH=C:\Program Files\Common Files\Oracle\Java\javapath;C:\Program Files (x86)\Common Files\Oracle\Java\javapath;C:\Windows\system32;C:\Windows;C:\Windows\System32\Wbem;C:\Windows\System32\WindowsPowerShell\v1.0\;C:\Windows\System32\OpenSSH\;C:\Program Files\NVIDIA Corporation\NVIDIA NvDLISR;C:\Program Files (x86)\NVIDIA Corporation\PhysX\Common;C:\Program Files\dotnet\;C:\Program Files\Git\cmd;C:\Program Files\nodejs\;C:\Program Files\MySQL\MySQL Shell 8.0\bin\;C:\Users\samue\AppData\Local\Programs\Python\Python310\Scripts\;C:\Users\samue\AppData\Local\Programs\Python\Python310\;C:\Users\samue\AppData\Local\Microsoft\WindowsApps;C:\Users\samue\AppData\Local\Programs\Microsoft VS Code\bin;C:\Users\samue\AppData\Local\GitHubDesktop\bin;C:\Program Files\JetBrains\IntelliJ IDEA 2023.2\bin;;C:\Users\samue\AppData\Roaming\npm
USERNAME=samue
OS=Windows_NT
PROCESSOR_IDENTIFIER=AMD64 Family 23 Model 8 Stepping 2, AuthenticAMD
TMP=C:\Users\samue\AppData\Local\Temp
TEMP=C:\Users\samue\AppData\Local\Temp



Periodic native trim disabled


---------------  S Y S T E M  ---------------

OS:
 Windows 10 , 64 bit Build 19041 (10.0.19041.4597)
OS uptime: 5 days 23:42 hours
Hyper-V role detected

CPU: total 12 (initial active 12) (12 cores per cpu, 2 threads per core) family 23 model 8 stepping 2 microcode 0x0, cx8, cmov, fxsr, ht, mmx, 3dnowpref, sse, sse2, sse3, ssse3, sse4a, sse4.1, sse4.2, popcnt, lzcnt, tsc, tscinvbit, avx, avx2, aes, clmul, bmi1, bmi2, adx, sha, fma, vzeroupper, clflush, clflushopt, hv
Processor Information for all 12 processors :
  Max Mhz: 3200, Current Mhz: 3200, Mhz Limit: 3200

Memory: 4k page, system-wide physical 16307M (4424M free)
TotalPageFile size 18355M (AvailPageFile size 6M)
current process WorkingSet (physical memory assigned to process): 156M, peak: 156M
current process commit charge ("private bytes"): 269M, peak: 270M

vm_info: OpenJDK 64-Bit Server VM (17.0.12+7) for windows-amd64 JRE (17.0.12+7), built on Jul 16 2024 22:08:24 by "admin" with MS VC++ 16.10 / 16.11 (VS2019)

END.
